<?xml version="1.0" encoding="UTF-8"?>
<testsuite xmlns:xsi="http://www.w3.org/2001/XMLSchema-instance" xsi:noNamespaceSchemaLocation="https://maven.apache.org/surefire/maven-surefire-plugin/xsd/surefire-test-report.xsd" name="dao.ImageDaoTest" time="0.29" tests="3" errors="0" skipped="0" failures="0">
  <properties>
    <property name="sun.desktop" value="windows"/>
    <property name="awt.toolkit" value="sun.awt.windows.WToolkit"/>
    <property name="file.encoding.pkg" value="sun.io"/>
    <property name="java.specification.version" value="1.8"/>
    <property name="sun.cpu.isalist" value="amd64"/>
    <property name="sun.jnu.encoding" value="GBK"/>
    <property name="java.class.path" value="F:\bit\JavaProject\image_server\target\test-classes;F:\bit\JavaProject\image_server\target\classes;F:\my_maven_local_repository\javax\servlet\javax.servlet-api\3.1.0\javax.servlet-api-3.1.0.jar;F:\my_maven_local_repository\junit\junit\4.11\junit-4.11.jar;F:\my_maven_local_repository\org\hamcrest\hamcrest-core\1.3\hamcrest-core-1.3.jar;F:\my_maven_local_repository\mysql\mysql-connector-java\5.1.45\mysql-connector-java-5.1.45.jar;F:\my_maven_local_repository\com\google\code\gson\gson\2.8.2\gson-2.8.2.jar;F:\my_maven_local_repository\commons-fileupload\commons-fileupload\1.4\commons-fileupload-1.4.jar;F:\my_maven_local_repository\commons-io\commons-io\2.2\commons-io-2.2.jar;F:\my_maven_local_repository\commons-codec\commons-codec\1.14\commons-codec-1.14.jar;"/>
    <property name="java.vm.vendor" value="Oracle Corporation"/>
    <property name="sun.arch.data.model" value="64"/>
    <property name="user.variant" value=""/>
    <property name="java.vendor.url" value="http://java.oracle.com/"/>
    <property name="user.timezone" value="Asia/Shanghai"/>
    <property name="java.vm.specification.version" value="1.8"/>
    <property name="os.name" value="Windows 10"/>
    <property name="user.country" value="CN"/>
    <property name="sun.java.launcher" value="SUN_STANDARD"/>
    <property name="sun.boot.library.path" value="C:\Program Files\Java\jdk1.8.0_131\jre\bin"/>
    <property name="sun.java.command" value="C:\Users\admin\AppData\Local\Temp\surefire951190470784813448\surefirebooter2342166117532900204.jar C:\Users\admin\AppData\Local\Temp\surefire951190470784813448 2020-03-09T23-01-05_472-jvmRun1 surefire1323852578687751943tmp surefire_03520893739691698563tmp"/>
    <property name="surefire.test.class.path" value="F:\bit\JavaProject\image_server\target\test-classes;F:\bit\JavaProject\image_server\target\classes;F:\my_maven_local_repository\javax\servlet\javax.servlet-api\3.1.0\javax.servlet-api-3.1.0.jar;F:\my_maven_local_repository\junit\junit\4.11\junit-4.11.jar;F:\my_maven_local_repository\org\hamcrest\hamcrest-core\1.3\hamcrest-core-1.3.jar;F:\my_maven_local_repository\mysql\mysql-connector-java\5.1.45\mysql-connector-java-5.1.45.jar;F:\my_maven_local_repository\com\google\code\gson\gson\2.8.2\gson-2.8.2.jar;F:\my_maven_local_repository\commons-fileupload\commons-fileupload\1.4\commons-fileupload-1.4.jar;F:\my_maven_local_repository\commons-io\commons-io\2.2\commons-io-2.2.jar;F:\my_maven_local_repository\commons-codec\commons-codec\1.14\commons-codec-1.14.jar;"/>
    <property name="sun.cpu.endian" value="little"/>
    <property name="user.home" value="C:\Users\admin"/>
    <property name="user.language" value="zh"/>
    <property name="java.specification.vendor" value="Oracle Corporation"/>
    <property name="java.home" value="C:\Program Files\Java\jdk1.8.0_131\jre"/>
    <property name="basedir" value="F:\bit\JavaProject\image_server"/>
    <property name="file.separator" value="\"/>
    <property name="line.separator" value="&#10;"/>
    <property name="java.vm.specification.vendor" value="Oracle Corporation"/>
    <property name="java.specification.name" value="Java Platform API Specification"/>
    <property name="java.awt.graphicsenv" value="sun.awt.Win32GraphicsEnvironment"/>
    <property name="surefire.real.class.path" value="C:\Users\admin\AppData\Local\Temp\surefire951190470784813448\surefirebooter2342166117532900204.jar"/>
    <property name="sun.boot.class.path" value="C:\Program Files\Java\jdk1.8.0_131\jre\lib\resources.jar;C:\Program Files\Java\jdk1.8.0_131\jre\lib\rt.jar;C:\Program Files\Java\jdk1.8.0_131\jre\lib\sunrsasign.jar;C:\Program Files\Java\jdk1.8.0_131\jre\lib\jsse.jar;C:\Program Files\Java\jdk1.8.0_131\jre\lib\jce.jar;C:\Program Files\Java\jdk1.8.0_131\jre\lib\charsets.jar;C:\Program Files\Java\jdk1.8.0_131\jre\lib\jfr.jar;C:\Program Files\Java\jdk1.8.0_131\jre\classes"/>
    <property name="user.script" value=""/>
    <property name="sun.management.compiler" value="HotSpot 64-Bit Tiered Compilers"/>
    <property name="java.runtime.version" value="1.8.0_131-b11"/>
    <property name="user.name" value="admin"/>
    <property name="path.separator" value=";"/>
    <property name="os.version" value="10.0"/>
    <property name="java.endorsed.dirs" value="C:\Program Files\Java\jdk1.8.0_131\jre\lib\endorsed"/>
    <property name="java.runtime.name" value="Java(TM) SE Runtime Environment"/>
    <property name="file.encoding" value="GBK"/>
    <property name="java.vm.name" value="Java HotSpot(TM) 64-Bit Server VM"/>
    <property name="localRepository" value="F:\my_maven_local_repository"/>
    <property name="java.vendor.url.bug" value="http://bugreport.sun.com/bugreport/"/>
    <property name="java.io.tmpdir" value="C:\Users\admin\AppData\Local\Temp\"/>
    <property name="idea.version" value="2018.1.5"/>
    <property name="java.version" value="1.8.0_131"/>
    <property name="user.dir" value="F:\bit\JavaProject\image_server"/>
    <property name="os.arch" value="amd64"/>
    <property name="java.vm.specification.name" value="Java Virtual Machine Specification"/>
    <property name="java.awt.printerjob" value="sun.awt.windows.WPrinterJob"/>
    <property name="sun.os.patch.level" value=""/>
    <property name="java.library.path" value="C:\Program Files\Java\jdk1.8.0_131\jre\bin;C:\Windows\Sun\Java\bin;C:\Windows\system32;C:\Windows;C:\ProgramData\Oracle\Java\javapath;C:\Program Files (x86)\Intel\Intel(R) Management Engine Components\iCLS\;C:\Program Files\Intel\Intel(R) Management Engine Components\iCLS\;C:\Windows\system32;C:\Windows;C:\Windows\System32\Wbem;C:\Windows\System32\WindowsPowerShell\v1.0\;C:\Windows\System32\OpenSSH\;C:\Program Files (x86)\Intel\Intel(R) Management Engine Components\DAL;C:\Program Files\Intel\Intel(R) Management Engine Components\DAL;C:\Program Files\Java\jdk1.8.0_131\bin;D:\maven\apache-maven-3.3.9\bin;D:\GitHub\Git\cmd;D:\GitHub\TortoiseGit\bin;C:\Program Files\MySQL\MySQL Server 5.5\bin;C:\Program Files\NVIDIA Corporation\NVIDIA NvDLISR;D:\MySQL\bin;D:\MySQL\MySQL\bin;C:\Program Files\Intel\WiFi\bin\;C:\Program Files\Common Files\Intel\WirelessCommon\;C:\Users\admin\AppData\Local\Microsoft\WindowsApps;;D:\VScode\Microsoft VS Code\bin;."/>
    <property name="java.vm.info" value="mixed mode"/>
    <property name="java.vendor" value="Oracle Corporation"/>
    <property name="java.vm.version" value="25.131-b11"/>
    <property name="java.ext.dirs" value="C:\Program Files\Java\jdk1.8.0_131\jre\lib\ext;C:\Windows\Sun\Java\lib\ext"/>
    <property name="sun.io.unicode.encoding" value="UnicodeLittle"/>
    <property name="maven.repo.local" value="F:\my_maven_local_repository"/>
    <property name="java.class.version" value="52.0"/>
  </properties>
  <testcase name="selectAll" classname="dao.ImageDaoTest" time="0.257"/>
  <testcase name="selectOne" classname="dao.ImageDaoTest" time="0.002"/>
  <testcase name="delete" classname="dao.ImageDaoTest" time="0.007"/>
</testsuite>